<?xml version="1.0" encoding="UTF-8"?>
<!-- Generated by org.testng.reporters.JUnitReportReporter -->
<testsuite hostname="LTIN461937" failures="0" tests="9" name="TestNg.BookShelvesTest" time="0.019" errors="1" timestamp="2024-05-03T14:56:00 IST" skipped="8">
  <testcase classname="TestNg.BookShelvesTest" name="setup" time="0.019">
    <error message="Unresolved compilation problem: 
	Cannot switch on a value of type String for source level below 1.7. Only convertible int values or enum variables are permitted
" type="java.lang.Error">
      <![CDATA[java.lang.Error: Unresolved compilation problem: 
Cannot switch on a value of type String for source level below 1.7. Only convertible int values or enum variables are permitted

at factory.BaseClass.initilizeBrowswer(BaseClass.java:24)
at TestNg.BookShelvesTest.setup(BookShelvesTest.java:24)
at java.base/jdk.internal.reflect.NativeMethodAccessorImpl.invoke0(Native Method)
at java.base/jdk.internal.reflect.NativeMethodAccessorImpl.invoke(NativeMethodAccessorImpl.java:77)
at java.base/jdk.internal.reflect.DelegatingMethodAccessorImpl.invoke(DelegatingMethodAccessorImpl.java:43)
at java.base/java.lang.reflect.Method.invoke(Method.java:568)
at org.testng.internal.invokers.MethodInvocationHelper.invokeMethod(MethodInvocationHelper.java:141)
at org.testng.internal.invokers.MethodInvocationHelper.invokeMethodConsideringTimeout(MethodInvocationHelper.java:71)
at org.testng.internal.invokers.ConfigInvoker.invokeConfigurationMethod(ConfigInvoker.java:400)
at org.testng.internal.invokers.ConfigInvoker.invokeConfigurations(ConfigInvoker.java:333)
at org.testng.internal.invokers.TestMethodWorker.invokeBeforeClassMethods(TestMethodWorker.java:188)
at org.testng.internal.invokers.TestMethodWorker.run(TestMethodWorker.java:128)
at java.base/java.util.ArrayList.forEach(ArrayList.java:1511)
at org.testng.TestRunner.privateRun(TestRunner.java:739)
at org.testng.TestRunner.run(TestRunner.java:614)
at org.testng.SuiteRunner.runTest(SuiteRunner.java:421)
at org.testng.SuiteRunner.runSequentially(SuiteRunner.java:413)
at org.testng.SuiteRunner.privateRun(SuiteRunner.java:373)
at org.testng.SuiteRunner.run(SuiteRunner.java:312)
at org.testng.SuiteRunnerWorker.runSuite(SuiteRunnerWorker.java:52)
at org.testng.SuiteRunnerWorker.run(SuiteRunnerWorker.java:95)
at org.testng.TestNG.runSuitesSequentially(TestNG.java:1274)
at org.testng.TestNG.runSuitesLocally(TestNG.java:1208)
at org.testng.TestNG.runSuites(TestNG.java:1112)
at org.testng.TestNG.run(TestNG.java:1079)
at org.testng.remote.AbstractRemoteTestNG.run(AbstractRemoteTestNG.java:115)
at org.testng.remote.RemoteTestNG.initAndRun(RemoteTestNG.java:293)
at org.testng.remote.RemoteTestNG.main(RemoteTestNG.java:91)
]]>
    </error>
  </testcase> <!-- setup -->
  <testcase classname="TestNg.BookShelvesTest" name="homePageValidation" time="0.000">
    <skipped/>
  </testcase> <!-- homePageValidation -->
  <testcase classname="TestNg.BookShelvesTest" name="provideDetailInTheSearchBar" time="0.000">
    <skipped/>
  </testcase> <!-- provideDetailInTheSearchBar -->
  <testcase classname="TestNg.BookShelvesTest" name="clickOnSearchBtn" time="0.000">
    <skipped/>
  </testcase> <!-- clickOnSearchBtn -->
  <testcase classname="TestNg.BookShelvesTest" name="closingLoginDetailPage" time="0.000">
    <skipped/>
  </testcase> <!-- closingLoginDetailPage -->
  <testcase classname="TestNg.BookShelvesTest" name="clickOnExludeChkBoxOption" time="0.000">
    <skipped/>
  </testcase> <!-- clickOnExludeChkBoxOption -->
  <testcase classname="TestNg.BookShelvesTest" name="selectingSort" time="0.000">
    <skipped/>
  </testcase> <!-- selectingSort -->
  <testcase classname="TestNg.BookShelvesTest" name="selectingCategory" time="0.000">
    <skipped/>
  </testcase> <!-- selectingCategory -->
  <testcase classname="TestNg.BookShelvesTest" name="displayItemsInTheConsole" time="0.000">
    <skipped/>
  </testcase> <!-- displayItemsInTheConsole -->
</testsuite> <!-- TestNg.BookShelvesTest -->
